android/app/build/intermediates/manifest_merge_blame_file/debug/manifest-merger-blame-debug-report.txt
1<?xml version="1.0" encoding="utf-8"?>
2<manifest xmlns:android="http://schemas.android.com/apk/res/android"
3    package="com.locureact"
4    android:versionCode="1"
5    android:versionName="1.0" >
6
7    <uses-sdk
8        android:minSdkVersion="21"
9        android:targetSdkVersion="31" />
10
11    <uses-permission android:name="android.permission.SYSTEM_ALERT_WINDOW" />
11-->src\debug\AndroidManifest.xml:5:5-77
11-->src\debug\AndroidManifest.xml:5:22-75
12    <uses-permission android:name="android.permission.ACCESS_BACKGROUND_LOCATION" />
12-->src\debug\AndroidManifest.xml:6:5-84
12-->src\debug\AndroidManifest.xml:6:22-82
13    <uses-permission android:name="android.permission.ACCESS_COARSE_LOCATION" />
13-->src\debug\AndroidManifest.xml:7:5-81
13-->src\debug\AndroidManifest.xml:7:22-78
14    <uses-permission android:name="android.permission.ACCESS_FINE_LOCATION" />
14-->src\debug\AndroidManifest.xml:8:5-79
14-->src\debug\AndroidManifest.xml:8:22-76
15    <uses-permission android:name="android.permission.CAMERA" />
15-->src\debug\AndroidManifest.xml:9:5-64
15-->src\debug\AndroidManifest.xml:9:22-62
16    <uses-permission android:name="android.permission.WRITE_EXTERNAL_STORAGE" />
16-->src\debug\AndroidManifest.xml:10:5-80
16-->src\debug\AndroidManifest.xml:10:22-78
17    <uses-permission android:name="android.permission.READ_EXTERNAL_STORAGE" />
17-->src\debug\AndroidManifest.xml:11:5-79
17-->src\debug\AndroidManifest.xml:11:22-77
18    <uses-permission android:name="android.permission.INTERNET" />
18-->src\main\AndroidManifest.xml:4:5-67
18-->src\main\AndroidManifest.xml:4:22-64
19    <uses-permission android:name="android.permission.ACCESS_WIFI_STATE" />
19-->[com.facebook.flipper:flipper:0.125.0] AndroidManifest.xml:16:5-76
19-->[com.facebook.flipper:flipper:0.125.0] AndroidManifest.xml:16:22-73
20    <uses-permission android:name="android.permission.WAKE_LOCK" />
20-->[:react-native-firebase_auth] AndroidManifest.xml:10:5-68
20-->[:react-native-firebase_auth] AndroidManifest.xml:10:22-65
21    <uses-permission android:name="android.permission.ACCESS_NETWORK_STATE" />
21-->[:react-native-firebase_auth] AndroidManifest.xml:11:5-79
21-->[:react-native-firebase_auth] AndroidManifest.xml:11:22-76
22    <uses-permission android:name="android.permission.USE_BIOMETRIC" />
22-->[:react-native-keychain] AndroidManifest.xml:9:5-72
22-->[:react-native-keychain] AndroidManifest.xml:9:22-69
23    <uses-permission android:name="android.permission.USE_FINGERPRINT" />
23-->[:react-native-keychain] AndroidManifest.xml:10:5-74
23-->[:react-native-keychain] AndroidManifest.xml:10:22-71
24    <uses-permission android:name="com.google.android.gms.permission.AD_ID" />
24-->[com.google.android.gms:play-services-measurement-api:20.1.2] AndroidManifest.xml:25:5-79
24-->[com.google.android.gms:play-services-measurement-api:20.1.2] AndroidManifest.xml:25:22-76
25    <uses-permission android:name="android.permission.RECEIVE_BOOT_COMPLETED" />
25-->[androidx.work:work-runtime:2.7.1] AndroidManifest.xml:27:5-81
25-->[androidx.work:work-runtime:2.7.1] AndroidManifest.xml:27:22-78
26    <uses-permission android:name="android.permission.FOREGROUND_SERVICE" />
26-->[androidx.work:work-runtime:2.7.1] AndroidManifest.xml:28:5-77
26-->[androidx.work:work-runtime:2.7.1] AndroidManifest.xml:28:22-74
27
28    <uses-feature
28-->[com.google.android.gms:play-services-maps:18.0.2] AndroidManifest.xml:26:5-28:35
29        android:glEsVersion="0x00020000"
29-->[com.google.android.gms:play-services-maps:18.0.2] AndroidManifest.xml:27:9-41
30        android:required="true" />
30-->[com.google.android.gms:play-services-maps:18.0.2] AndroidManifest.xml:28:9-32
31
32    <queries>
32-->[com.google.android.gms:play-services-maps:18.0.2] AndroidManifest.xml:30:5-34:15
33
34        <!-- Needs to be explicitly declared on Android R+ -->
35        <package android:name="com.google.android.apps.maps" />
35-->[com.google.android.gms:play-services-maps:18.0.2] AndroidManifest.xml:33:9-64
35-->[com.google.android.gms:play-services-maps:18.0.2] AndroidManifest.xml:33:18-61
36    </queries>
37
38    <uses-permission android:name="com.google.android.finsky.permission.BIND_GET_INSTALL_REFERRER_SERVICE" />
38-->[com.google.android.gms:play-services-measurement:20.1.2] AndroidManifest.xml:26:5-110
38-->[com.google.android.gms:play-services-measurement:20.1.2] AndroidManifest.xml:26:22-107
39
40    <application
40-->src\main\AndroidManifest.xml:6:5-29:19
41        android:name="com.locureact.MainApplication"
41-->src\main\AndroidManifest.xml:7:7-38
42        android:allowBackup="false"
42-->src\main\AndroidManifest.xml:11:7-34
43        android:appComponentFactory="androidx.core.app.CoreComponentFactory"
43-->[androidx.core:core:1.6.0] AndroidManifest.xml:24:18-86
44        android:debuggable="true"
45        android:icon="@mipmap/ic_launcher"
45-->src\main\AndroidManifest.xml:9:7-41
46        android:label="@string/app_name"
46-->src\main\AndroidManifest.xml:8:7-39
47        android:roundIcon="@mipmap/ic_launcher_round"
47-->src\main\AndroidManifest.xml:10:7-52
48        android:theme="@style/AppTheme"
48-->src\main\AndroidManifest.xml:12:7-38
49        android:usesCleartextTraffic="true" >
49-->src\debug\AndroidManifest.xml:14:9-44
50        <activity
50-->src\debug\AndroidManifest.xml:17:9-111
51            android:name="com.facebook.react.devsupport.DevSettingsActivity"
51-->src\debug\AndroidManifest.xml:17:19-83
52            android:exported="false" />
52-->src\debug\AndroidManifest.xml:17:84-108
53        <activity
53-->src\main\AndroidManifest.xml:13:7-24:18
54            android:name="com.locureact.MainActivity"
54-->src\main\AndroidManifest.xml:14:9-37
55            android:configChanges="keyboard|keyboardHidden|orientation|screenLayout|screenSize|smallestScreenSize|uiMode"
55-->src\main\AndroidManifest.xml:16:9-118
56            android:exported="true"
56-->src\main\AndroidManifest.xml:19:9-32
57            android:label="@string/app_name"
57-->src\main\AndroidManifest.xml:15:9-41
58            android:launchMode="singleTask"
58-->src\main\AndroidManifest.xml:17:9-40
59            android:windowSoftInputMode="adjustResize" >
59-->src\main\AndroidManifest.xml:18:9-51
60            <intent-filter>
60-->src\main\AndroidManifest.xml:20:9-23:25
61                <action android:name="android.intent.action.MAIN" />
61-->src\main\AndroidManifest.xml:21:13-65
61-->src\main\AndroidManifest.xml:21:21-62
62
63                <category android:name="android.intent.category.LAUNCHER" />
63-->src\main\AndroidManifest.xml:22:13-73
63-->src\main\AndroidManifest.xml:22:23-70
64            </intent-filter>
65        </activity>
66
67        <meta-data
67-->src\main\AndroidManifest.xml:25:7-28:9
68            android:name="com.google.android.geo.API_KEY"
68-->src\main\AndroidManifest.xml:26:7-52
69            android:value="AIzaSyAAfgLL5rdc8kvEzSAzUXV1AH7pX-rt_zw" />
69-->src\main\AndroidManifest.xml:27:7-62
70        <meta-data
70-->[:react-native-firebase_app] AndroidManifest.xml:10:9-12:36
71            android:name="app_data_collection_default_enabled"
71-->[:react-native-firebase_app] AndroidManifest.xml:11:13-63
72            android:value="true" />
72-->[:react-native-firebase_app] AndroidManifest.xml:12:13-33
73
74        <service
74-->[:react-native-firebase_app] AndroidManifest.xml:14:9-18:19
75            android:name="com.google.firebase.components.ComponentDiscoveryService"
75-->[:react-native-firebase_app] AndroidManifest.xml:14:18-89
76            android:directBootAware="true"
76-->[com.google.firebase:firebase-common:20.1.0] AndroidManifest.xml:35:13-43
77            android:exported="false" >
77-->[com.google.firebase:firebase-auth:21.0.3] AndroidManifest.xml:66:13-37
78            <meta-data
78-->[:react-native-firebase_app] AndroidManifest.xml:15:13-17:85
79                android:name="com.google.firebase.components:io.invertase.firebase.app.ReactNativeFirebaseAppRegistrar"
79-->[:react-native-firebase_app] AndroidManifest.xml:16:17-120
80                android:value="com.google.firebase.components.ComponentRegistrar" />
80-->[:react-native-firebase_app] AndroidManifest.xml:17:17-82
81            <meta-data
81-->[com.google.firebase:firebase-auth:21.0.3] AndroidManifest.xml:67:13-69:85
82                android:name="com.google.firebase.components:com.google.firebase.auth.FirebaseAuthRegistrar"
82-->[com.google.firebase:firebase-auth:21.0.3] AndroidManifest.xml:68:17-109
83                android:value="com.google.firebase.components.ComponentRegistrar" />
83-->[com.google.firebase:firebase-auth:21.0.3] AndroidManifest.xml:69:17-82
84            <meta-data
84-->[com.google.firebase:firebase-storage:20.0.1] AndroidManifest.xml:33:13-35:85
85                android:name="com.google.firebase.components:com.google.firebase.storage.StorageRegistrar"
85-->[com.google.firebase:firebase-storage:20.0.1] AndroidManifest.xml:34:17-107
86                android:value="com.google.firebase.components.ComponentRegistrar" />
86-->[com.google.firebase:firebase-storage:20.0.1] AndroidManifest.xml:35:17-82
87            <meta-data
87-->[com.google.android.gms:play-services-measurement-api:20.1.2] AndroidManifest.xml:31:13-33:85
88                android:name="com.google.firebase.components:com.google.firebase.analytics.connector.internal.AnalyticsConnectorRegistrar"
88-->[com.google.android.gms:play-services-measurement-api:20.1.2] AndroidManifest.xml:32:17-139
89                android:value="com.google.firebase.components.ComponentRegistrar" />
89-->[com.google.android.gms:play-services-measurement-api:20.1.2] AndroidManifest.xml:33:17-82
90            <meta-data
90-->[com.google.firebase:firebase-installations:17.0.1] AndroidManifest.xml:18:13-20:85
91                android:name="com.google.firebase.components:com.google.firebase.installations.FirebaseInstallationsRegistrar"
91-->[com.google.firebase:firebase-installations:17.0.1] AndroidManifest.xml:19:17-127
92                android:value="com.google.firebase.components.ComponentRegistrar" />
92-->[com.google.firebase:firebase-installations:17.0.1] AndroidManifest.xml:20:17-82
93        </service>
94
95        <provider
95-->[:react-native-firebase_app] AndroidManifest.xml:20:9-24:38
96            android:name="io.invertase.firebase.app.ReactNativeFirebaseAppInitProvider"
96-->[:react-native-firebase_app] AndroidManifest.xml:21:13-88
97            android:authorities="com.locureact.reactnativefirebaseappinitprovider"
97-->[:react-native-firebase_app] AndroidManifest.xml:22:13-86
98            android:exported="false"
98-->[:react-native-firebase_app] AndroidManifest.xml:23:13-37
99            android:initOrder="99" />
99-->[:react-native-firebase_app] AndroidManifest.xml:24:13-35
100        <provider
100-->[:react-native-image-picker] AndroidManifest.xml:10:9-18:20
101            android:name="com.imagepicker.ImagePickerProvider"
101-->[:react-native-image-picker] AndroidManifest.xml:11:13-63
102            android:authorities="com.locureact.imagepickerprovider"
102-->[:react-native-image-picker] AndroidManifest.xml:12:13-71
103            android:exported="false"
103-->[:react-native-image-picker] AndroidManifest.xml:13:13-37
104            android:grantUriPermissions="true" >
104-->[:react-native-image-picker] AndroidManifest.xml:14:13-47
105            <meta-data
105-->[:react-native-image-picker] AndroidManifest.xml:15:13-17:70
106                android:name="android.support.FILE_PROVIDER_PATHS"
106-->[:react-native-image-picker] AndroidManifest.xml:16:17-67
107                android:resource="@xml/imagepicker_provider_paths" />
107-->[:react-native-image-picker] AndroidManifest.xml:17:17-67
108        </provider>
109
110        <activity
110-->[com.google.firebase:firebase-auth:21.0.3] AndroidManifest.xml:27:9-44:20
111            android:name="com.google.firebase.auth.internal.GenericIdpActivity"
111-->[com.google.firebase:firebase-auth:21.0.3] AndroidManifest.xml:28:13-80
112            android:excludeFromRecents="true"
112-->[com.google.firebase:firebase-auth:21.0.3] AndroidManifest.xml:29:13-46
113            android:exported="true"
113-->[com.google.firebase:firebase-auth:21.0.3] AndroidManifest.xml:30:13-36
114            android:launchMode="singleTask"
114-->[com.google.firebase:firebase-auth:21.0.3] AndroidManifest.xml:31:13-44
115            android:theme="@android:style/Theme.Translucent.NoTitleBar" >
115-->[com.google.firebase:firebase-auth:21.0.3] AndroidManifest.xml:32:13-72
116            <intent-filter>
116-->[com.google.firebase:firebase-auth:21.0.3] AndroidManifest.xml:33:13-43:29
117                <action android:name="android.intent.action.VIEW" />
117-->[com.google.firebase:firebase-auth:21.0.3] AndroidManifest.xml:34:17-69
117-->[com.google.firebase:firebase-auth:21.0.3] AndroidManifest.xml:34:25-66
118
119                <category android:name="android.intent.category.DEFAULT" />
119-->[com.google.firebase:firebase-auth:21.0.3] AndroidManifest.xml:36:17-76
119-->[com.google.firebase:firebase-auth:21.0.3] AndroidManifest.xml:36:27-73
120                <category android:name="android.intent.category.BROWSABLE" />
120-->[com.google.firebase:firebase-auth:21.0.3] AndroidManifest.xml:37:17-78
120-->[com.google.firebase:firebase-auth:21.0.3] AndroidManifest.xml:37:27-75
121
122                <data
122-->[com.google.firebase:firebase-auth:21.0.3] AndroidManifest.xml:39:17-42:51
123                    android:host="firebase.auth"
123-->[com.google.firebase:firebase-auth:21.0.3] AndroidManifest.xml:40:21-49
124                    android:path="/"
124-->[com.google.firebase:firebase-auth:21.0.3] AndroidManifest.xml:41:21-37
125                    android:scheme="genericidp" />
125-->[com.google.firebase:firebase-auth:21.0.3] AndroidManifest.xml:42:21-48
126            </intent-filter>
127        </activity>
128        <activity
128-->[com.google.firebase:firebase-auth:21.0.3] AndroidManifest.xml:45:9-62:20
129            android:name="com.google.firebase.auth.internal.RecaptchaActivity"
129-->[com.google.firebase:firebase-auth:21.0.3] AndroidManifest.xml:46:13-79
130            android:excludeFromRecents="true"
130-->[com.google.firebase:firebase-auth:21.0.3] AndroidManifest.xml:47:13-46
131            android:exported="true"
131-->[com.google.firebase:firebase-auth:21.0.3] AndroidManifest.xml:48:13-36
132            android:launchMode="singleTask"
132-->[com.google.firebase:firebase-auth:21.0.3] AndroidManifest.xml:49:13-44
133            android:theme="@android:style/Theme.Translucent.NoTitleBar" >
133-->[com.google.firebase:firebase-auth:21.0.3] AndroidManifest.xml:50:13-72
134            <intent-filter>
134-->[com.google.firebase:firebase-auth:21.0.3] AndroidManifest.xml:51:13-61:29
135                <action android:name="android.intent.action.VIEW" />
135-->[com.google.firebase:firebase-auth:21.0.3] AndroidManifest.xml:34:17-69
135-->[com.google.firebase:firebase-auth:21.0.3] AndroidManifest.xml:34:25-66
136
137                <category android:name="android.intent.category.DEFAULT" />
137-->[com.google.firebase:firebase-auth:21.0.3] AndroidManifest.xml:36:17-76
137-->[com.google.firebase:firebase-auth:21.0.3] AndroidManifest.xml:36:27-73
138                <category android:name="android.intent.category.BROWSABLE" />
138-->[com.google.firebase:firebase-auth:21.0.3] AndroidManifest.xml:37:17-78
138-->[com.google.firebase:firebase-auth:21.0.3] AndroidManifest.xml:37:27-75
139
140                <data
140-->[com.google.firebase:firebase-auth:21.0.3] AndroidManifest.xml:39:17-42:51
141                    android:host="firebase.auth"
141-->[com.google.firebase:firebase-auth:21.0.3] AndroidManifest.xml:40:21-49
142                    android:path="/"
142-->[com.google.firebase:firebase-auth:21.0.3] AndroidManifest.xml:41:21-37
143                    android:scheme="recaptcha" />
143-->[com.google.firebase:firebase-auth:21.0.3] AndroidManifest.xml:42:21-48
144            </intent-filter>
145        </activity>
146
147        <provider
147-->[com.google.firebase:firebase-common:20.1.0] AndroidManifest.xml:26:9-31:39
148            android:name="com.google.firebase.provider.FirebaseInitProvider"
148-->[com.google.firebase:firebase-common:20.1.0] AndroidManifest.xml:27:13-77
149            android:authorities="com.locureact.firebaseinitprovider"
149-->[com.google.firebase:firebase-common:20.1.0] AndroidManifest.xml:28:13-72
150            android:directBootAware="true"
150-->[com.google.firebase:firebase-common:20.1.0] AndroidManifest.xml:29:13-43
151            android:exported="false"
151-->[com.google.firebase:firebase-common:20.1.0] AndroidManifest.xml:30:13-37
152            android:initOrder="100" />
152-->[com.google.firebase:firebase-common:20.1.0] AndroidManifest.xml:31:13-36
153        <provider
153-->[androidx.work:work-runtime:2.7.1] AndroidManifest.xml:31:9-39:20
154            android:name="androidx.startup.InitializationProvider"
154-->[androidx.work:work-runtime:2.7.1] AndroidManifest.xml:32:13-67
155            android:authorities="com.locureact.androidx-startup"
155-->[androidx.work:work-runtime:2.7.1] AndroidManifest.xml:33:13-68
156            android:exported="false" >
156-->[androidx.work:work-runtime:2.7.1] AndroidManifest.xml:34:13-37
157            <meta-data
157-->[androidx.work:work-runtime:2.7.1] AndroidManifest.xml:36:13-38:52
158                android:name="androidx.work.WorkManagerInitializer"
158-->[androidx.work:work-runtime:2.7.1] AndroidManifest.xml:37:17-68
159                android:value="androidx.startup" />
159-->[androidx.work:work-runtime:2.7.1] AndroidManifest.xml:38:17-49
160        </provider>
161
162        <service
162-->[androidx.work:work-runtime:2.7.1] AndroidManifest.xml:41:9-46:35
163            android:name="androidx.work.impl.background.systemalarm.SystemAlarmService"
163-->[androidx.work:work-runtime:2.7.1] AndroidManifest.xml:42:13-88
164            android:directBootAware="false"
164-->[androidx.work:work-runtime:2.7.1] AndroidManifest.xml:43:13-44
165            android:enabled="@bool/enable_system_alarm_service_default"
165-->[androidx.work:work-runtime:2.7.1] AndroidManifest.xml:44:13-72
166            android:exported="false" />
166-->[androidx.work:work-runtime:2.7.1] AndroidManifest.xml:45:13-37
167        <service
167-->[androidx.work:work-runtime:2.7.1] AndroidManifest.xml:47:9-53:35
168            android:name="androidx.work.impl.background.systemjob.SystemJobService"
168-->[androidx.work:work-runtime:2.7.1] AndroidManifest.xml:48:13-84
169            android:directBootAware="false"
169-->[androidx.work:work-runtime:2.7.1] AndroidManifest.xml:49:13-44
170            android:enabled="@bool/enable_system_job_service_default"
170-->[androidx.work:work-runtime:2.7.1] AndroidManifest.xml:50:13-70
171            android:exported="true"
171-->[androidx.work:work-runtime:2.7.1] AndroidManifest.xml:51:13-36
172            android:permission="android.permission.BIND_JOB_SERVICE" />
172-->[androidx.work:work-runtime:2.7.1] AndroidManifest.xml:52:13-69
173        <service
173-->[androidx.work:work-runtime:2.7.1] AndroidManifest.xml:54:9-59:35
174            android:name="androidx.work.impl.foreground.SystemForegroundService"
174-->[androidx.work:work-runtime:2.7.1] AndroidManifest.xml:55:13-81
175            android:directBootAware="false"
175-->[androidx.work:work-runtime:2.7.1] AndroidManifest.xml:56:13-44
176            android:enabled="@bool/enable_system_foreground_service_default"
176-->[androidx.work:work-runtime:2.7.1] AndroidManifest.xml:57:13-77
177            android:exported="false" />
177-->[androidx.work:work-runtime:2.7.1] AndroidManifest.xml:58:13-37
178
179        <receiver
179-->[androidx.work:work-runtime:2.7.1] AndroidManifest.xml:61:9-66:35
180            android:name="androidx.work.impl.utils.ForceStopRunnable$BroadcastReceiver"
180-->[androidx.work:work-runtime:2.7.1] AndroidManifest.xml:62:13-88
181            android:directBootAware="false"
181-->[androidx.work:work-runtime:2.7.1] AndroidManifest.xml:63:13-44
182            android:enabled="true"
182-->[androidx.work:work-runtime:2.7.1] AndroidManifest.xml:64:13-35
183            android:exported="false" />
183-->[androidx.work:work-runtime:2.7.1] AndroidManifest.xml:65:13-37
184        <receiver
184-->[androidx.work:work-runtime:2.7.1] AndroidManifest.xml:67:9-77:20
185            android:name="androidx.work.impl.background.systemalarm.ConstraintProxy$BatteryChargingProxy"
185-->[androidx.work:work-runtime:2.7.1] AndroidManifest.xml:68:13-106
186            android:directBootAware="false"
186-->[androidx.work:work-runtime:2.7.1] AndroidManifest.xml:69:13-44
187            android:enabled="false"
187-->[androidx.work:work-runtime:2.7.1] AndroidManifest.xml:70:13-36
188            android:exported="false" >
188-->[androidx.work:work-runtime:2.7.1] AndroidManifest.xml:71:13-37
189            <intent-filter>
189-->[androidx.work:work-runtime:2.7.1] AndroidManifest.xml:73:13-76:29
190                <action android:name="android.intent.action.ACTION_POWER_CONNECTED" />
190-->[androidx.work:work-runtime:2.7.1] AndroidManifest.xml:74:17-87
190-->[androidx.work:work-runtime:2.7.1] AndroidManifest.xml:74:25-84
191                <action android:name="android.intent.action.ACTION_POWER_DISCONNECTED" />
191-->[androidx.work:work-runtime:2.7.1] AndroidManifest.xml:75:17-90
191-->[androidx.work:work-runtime:2.7.1] AndroidManifest.xml:75:25-87
192            </intent-filter>
193        </receiver>
194        <receiver
194-->[androidx.work:work-runtime:2.7.1] AndroidManifest.xml:78:9-88:20
195            android:name="androidx.work.impl.background.systemalarm.ConstraintProxy$BatteryNotLowProxy"
195-->[androidx.work:work-runtime:2.7.1] AndroidManifest.xml:79:13-104
196            android:directBootAware="false"
196-->[androidx.work:work-runtime:2.7.1] AndroidManifest.xml:80:13-44
197            android:enabled="false"
197-->[androidx.work:work-runtime:2.7.1] AndroidManifest.xml:81:13-36
198            android:exported="false" >
198-->[androidx.work:work-runtime:2.7.1] AndroidManifest.xml:82:13-37
199            <intent-filter>
199-->[androidx.work:work-runtime:2.7.1] AndroidManifest.xml:84:13-87:29
200                <action android:name="android.intent.action.BATTERY_OKAY" />
200-->[androidx.work:work-runtime:2.7.1] AndroidManifest.xml:85:17-77
200-->[androidx.work:work-runtime:2.7.1] AndroidManifest.xml:85:25-74
201                <action android:name="android.intent.action.BATTERY_LOW" />
201-->[androidx.work:work-runtime:2.7.1] AndroidManifest.xml:86:17-76
201-->[androidx.work:work-runtime:2.7.1] AndroidManifest.xml:86:25-73
202            </intent-filter>
203        </receiver>
204        <receiver
204-->[androidx.work:work-runtime:2.7.1] AndroidManifest.xml:89:9-99:20
205            android:name="androidx.work.impl.background.systemalarm.ConstraintProxy$StorageNotLowProxy"
205-->[androidx.work:work-runtime:2.7.1] AndroidManifest.xml:90:13-104
206            android:directBootAware="false"
206-->[androidx.work:work-runtime:2.7.1] AndroidManifest.xml:91:13-44
207            android:enabled="false"
207-->[androidx.work:work-runtime:2.7.1] AndroidManifest.xml:92:13-36
208            android:exported="false" >
208-->[androidx.work:work-runtime:2.7.1] AndroidManifest.xml:93:13-37
209            <intent-filter>
209-->[androidx.work:work-runtime:2.7.1] AndroidManifest.xml:95:13-98:29
210                <action android:name="android.intent.action.DEVICE_STORAGE_LOW" />
210-->[androidx.work:work-runtime:2.7.1] AndroidManifest.xml:96:17-83
210-->[androidx.work:work-runtime:2.7.1] AndroidManifest.xml:96:25-80
211                <action android:name="android.intent.action.DEVICE_STORAGE_OK" />
211-->[androidx.work:work-runtime:2.7.1] AndroidManifest.xml:97:17-82
211-->[androidx.work:work-runtime:2.7.1] AndroidManifest.xml:97:25-79
212            </intent-filter>
213        </receiver>
214        <receiver
214-->[androidx.work:work-runtime:2.7.1] AndroidManifest.xml:100:9-109:20
215            android:name="androidx.work.impl.background.systemalarm.ConstraintProxy$NetworkStateProxy"
215-->[androidx.work:work-runtime:2.7.1] AndroidManifest.xml:101:13-103
216            android:directBootAware="false"
216-->[androidx.work:work-runtime:2.7.1] AndroidManifest.xml:102:13-44
217            android:enabled="false"
217-->[androidx.work:work-runtime:2.7.1] AndroidManifest.xml:103:13-36
218            android:exported="false" >
218-->[androidx.work:work-runtime:2.7.1] AndroidManifest.xml:104:13-37
219            <intent-filter>
219-->[androidx.work:work-runtime:2.7.1] AndroidManifest.xml:106:13-108:29
220                <action android:name="android.net.conn.CONNECTIVITY_CHANGE" />
220-->[androidx.work:work-runtime:2.7.1] AndroidManifest.xml:107:17-79
220-->[androidx.work:work-runtime:2.7.1] AndroidManifest.xml:107:25-76
221            </intent-filter>
222        </receiver>
223        <receiver
223-->[androidx.work:work-runtime:2.7.1] AndroidManifest.xml:110:9-121:20
224            android:name="androidx.work.impl.background.systemalarm.RescheduleReceiver"
224-->[androidx.work:work-runtime:2.7.1] AndroidManifest.xml:111:13-88
225            android:directBootAware="false"
225-->[androidx.work:work-runtime:2.7.1] AndroidManifest.xml:112:13-44
226            android:enabled="false"
226-->[androidx.work:work-runtime:2.7.1] AndroidManifest.xml:113:13-36
227            android:exported="false" >
227-->[androidx.work:work-runtime:2.7.1] AndroidManifest.xml:114:13-37
228            <intent-filter>
228-->[androidx.work:work-runtime:2.7.1] AndroidManifest.xml:116:13-120:29
229                <action android:name="android.intent.action.BOOT_COMPLETED" />
229-->[androidx.work:work-runtime:2.7.1] AndroidManifest.xml:117:17-79
229-->[androidx.work:work-runtime:2.7.1] AndroidManifest.xml:117:25-76
230                <action android:name="android.intent.action.TIME_SET" />
230-->[androidx.work:work-runtime:2.7.1] AndroidManifest.xml:118:17-73
230-->[androidx.work:work-runtime:2.7.1] AndroidManifest.xml:118:25-70
231                <action android:name="android.intent.action.TIMEZONE_CHANGED" />
231-->[androidx.work:work-runtime:2.7.1] AndroidManifest.xml:119:17-81
231-->[androidx.work:work-runtime:2.7.1] AndroidManifest.xml:119:25-78
232            </intent-filter>
233        </receiver>
234        <receiver
234-->[androidx.work:work-runtime:2.7.1] AndroidManifest.xml:122:9-131:20
235            android:name="androidx.work.impl.background.systemalarm.ConstraintProxyUpdateReceiver"
235-->[androidx.work:work-runtime:2.7.1] AndroidManifest.xml:123:13-99
236            android:directBootAware="false"
236-->[androidx.work:work-runtime:2.7.1] AndroidManifest.xml:124:13-44
237            android:enabled="@bool/enable_system_alarm_service_default"
237-->[androidx.work:work-runtime:2.7.1] AndroidManifest.xml:125:13-72
238            android:exported="false" >
238-->[androidx.work:work-runtime:2.7.1] AndroidManifest.xml:126:13-37
239            <intent-filter>
239-->[androidx.work:work-runtime:2.7.1] AndroidManifest.xml:128:13-130:29
240                <action android:name="androidx.work.impl.background.systemalarm.UpdateProxies" />
240-->[androidx.work:work-runtime:2.7.1] AndroidManifest.xml:129:17-98
240-->[androidx.work:work-runtime:2.7.1] AndroidManifest.xml:129:25-95
241            </intent-filter>
242        </receiver>
243        <receiver
243-->[androidx.work:work-runtime:2.7.1] AndroidManifest.xml:132:9-142:20
244            android:name="androidx.work.impl.diagnostics.DiagnosticsReceiver"
244-->[androidx.work:work-runtime:2.7.1] AndroidManifest.xml:133:13-78
245            android:directBootAware="false"
245-->[androidx.work:work-runtime:2.7.1] AndroidManifest.xml:134:13-44
246            android:enabled="true"
246-->[androidx.work:work-runtime:2.7.1] AndroidManifest.xml:135:13-35
247            android:exported="true"
247-->[androidx.work:work-runtime:2.7.1] AndroidManifest.xml:136:13-36
248            android:permission="android.permission.DUMP" >
248-->[androidx.work:work-runtime:2.7.1] AndroidManifest.xml:137:13-57
249            <intent-filter>
249-->[androidx.work:work-runtime:2.7.1] AndroidManifest.xml:139:13-141:29
250                <action android:name="androidx.work.diagnostics.REQUEST_DIAGNOSTICS" />
250-->[androidx.work:work-runtime:2.7.1] AndroidManifest.xml:140:17-88
250-->[androidx.work:work-runtime:2.7.1] AndroidManifest.xml:140:25-85
251            </intent-filter>
252        </receiver>
253
254        <service
254-->[androidx.room:room-runtime:2.2.5] AndroidManifest.xml:25:9-28:40
255            android:name="androidx.room.MultiInstanceInvalidationService"
255-->[androidx.room:room-runtime:2.2.5] AndroidManifest.xml:26:13-74
256            android:directBootAware="true"
256-->[androidx.room:room-runtime:2.2.5] AndroidManifest.xml:27:13-43
257            android:exported="false" />
257-->[androidx.room:room-runtime:2.2.5] AndroidManifest.xml:28:13-37
258
259        <activity
259-->[com.google.android.gms:play-services-auth:20.1.0] AndroidManifest.xml:23:9-27:75
260            android:name="com.google.android.gms.auth.api.signin.internal.SignInHubActivity"
260-->[com.google.android.gms:play-services-auth:20.1.0] AndroidManifest.xml:24:13-93
261            android:excludeFromRecents="true"
261-->[com.google.android.gms:play-services-auth:20.1.0] AndroidManifest.xml:25:13-46
262            android:exported="false"
262-->[com.google.android.gms:play-services-auth:20.1.0] AndroidManifest.xml:26:13-37
263            android:theme="@android:style/Theme.Translucent.NoTitleBar" />
263-->[com.google.android.gms:play-services-auth:20.1.0] AndroidManifest.xml:27:13-72
264        <!--
265            Service handling Google Sign-In user revocation. For apps that do not integrate with
266            Google Sign-In, this service will never be started.
267        -->
268        <service